Aug 18, 2017 4:56:46 AM org.apache.catalina.startup.VersionLoggerListener log
INFO: Server version:        Apache Tomcat/7.0.70
Aug 18, 2017 4:56:46 AM org.apache.catalina.startup.VersionLoggerListener log
INFO: Server built:          Jun 15 2016 16:27:45 UTC
Aug 18, 2017 4:56:46 AM org.apache.catalina.startup.VersionLoggerListener log
INFO: Server number:         7.0.70.0
Aug 18, 2017 4:56:46 AM org.apache.catalina.startup.VersionLoggerListener log
INFO: OS Name:               Linux
Aug 18, 2017 4:56:46 AM org.apache.catalina.startup.VersionLoggerListener log
INFO: OS Version:            3.10.0-514.21.1.el7.x86_64
Aug 18, 2017 4:56:46 AM org.apache.catalina.startup.VersionLoggerListener log
INFO: Architecture:          amd64
Aug 18, 2017 4:56:46 AM org.apache.catalina.startup.VersionLoggerListener log
INFO: Java Home:             /opt/weblogic12c/jdk1.8.0_131/jre
Aug 18, 2017 4:56:46 AM org.apache.catalina.startup.VersionLoggerListener log
INFO: JVM Version:           1.8.0_131-b11
Aug 18, 2017 4:56:46 AM org.apache.catalina.startup.VersionLoggerListener log
INFO: JVM Vendor:            Oracle Corporation
Aug 18, 2017 4:56:46 AM org.apache.catalina.startup.VersionLoggerListener log
INFO: CATALINA_BASE:         /opt/tomcat7/apache-tomcat-7.0.70
Aug 18, 2017 4:56:46 AM org.apache.catalina.startup.VersionLoggerListener log
INFO: CATALINA_HOME:         /opt/tomcat7/apache-tomcat-7.0.70
Aug 18, 2017 4:56:46 AM org.apache.catalina.startup.VersionLoggerListener log
INFO: Command line argument: -Djava.util.logging.config.file=/opt/tomcat7/apache-tomcat-7.0.70/conf/logging.properties
Aug 18, 2017 4:56:46 AM org.apache.catalina.startup.VersionLoggerListener log
INFO: Command line argument: -Djava.util.logging.manager=org.apache.juli.ClassLoaderLogManager
Aug 18, 2017 4:56:46 AM org.apache.catalina.startup.VersionLoggerListener log
INFO: Command line argument: -Djdk.tls.ephemeralDHKeySize=2048
Aug 18, 2017 4:56:46 AM org.apache.catalina.startup.VersionLoggerListener log
INFO: Command line argument: -Djava.endorsed.dirs=/opt/tomcat7/apache-tomcat-7.0.70/endorsed
Aug 18, 2017 4:56:46 AM org.apache.catalina.startup.VersionLoggerListener log
INFO: Command line argument: -Dcatalina.base=/opt/tomcat7/apache-tomcat-7.0.70
Aug 18, 2017 4:56:46 AM org.apache.catalina.startup.VersionLoggerListener log
INFO: Command line argument: -Dcatalina.home=/opt/tomcat7/apache-tomcat-7.0.70
Aug 18, 2017 4:56:46 AM org.apache.catalina.startup.VersionLoggerListener log
INFO: Command line argument: -Djava.io.tmpdir=/opt/tomcat7/apache-tomcat-7.0.70/temp
Aug 18, 2017 4:56:46 AM org.apache.catalina.core.AprLifecycleListener lifecycleEvent
INFO: The APR based Apache Tomcat Native library which allows optimal performance in production environments was not found on the java.library.path: /usr/java/packages/lib/amd64:/usr/lib64:/lib64:/lib:/usr/lib
Aug 18, 2017 4:56:46 AM org.apache.coyote.AbstractProtocol init
INFO: Initializing ProtocolHandler ["http-bio-8080"]
Aug 18, 2017 4:56:46 AM org.apache.coyote.AbstractProtocol init
SEVERE: Failed to initialize end point associated with ProtocolHandler ["http-bio-8080"]
java.net.BindException: Address already in use (Bind failed) <null>:8080
	at org.apache.tomcat.util.net.JIoEndpoint.bind(JIoEndpoint.java:413)
	at org.apache.tomcat.util.net.AbstractEndpoint.init(AbstractEndpoint.java:650)
	at org.apache.coyote.AbstractProtocol.init(AbstractProtocol.java:435)
	at org.apache.coyote.http11.AbstractHttp11JsseProtocol.init(AbstractHttp11JsseProtocol.java:119)
	at org.apache.catalina.connector.Connector.initInternal(Connector.java:978)
	at org.apache.catalina.util.LifecycleBase.init(LifecycleBase.java:102)
	at org.apache.catalina.core.StandardService.initInternal(StandardService.java:560)
	at org.apache.catalina.util.LifecycleBase.init(LifecycleBase.java:102)
	at org.apache.catalina.core.StandardServer.initInternal(StandardServer.java:838)
	at org.apache.catalina.util.LifecycleBase.init(LifecycleBase.java:102)
	at org.apache.catalina.startup.Catalina.load(Catalina.java:642)
	at org.apache.catalina.startup.Catalina.load(Catalina.java:667)
	at sun.reflect.NativeMethodAccessorImpl.invoke0(Native Method)
	at sun.reflect.NativeMethodAccessorImpl.invoke(NativeMethodAccessorImpl.java:62)
	at sun.reflect.DelegatingMethodAccessorImpl.invoke(DelegatingMethodAccessorImpl.java:43)
	at java.lang.reflect.Method.invoke(Method.java:498)
	at org.apache.catalina.startup.Bootstrap.load(Bootstrap.java:253)
	at org.apache.catalina.startup.Bootstrap.main(Bootstrap.java:427)
Caused by: java.net.BindException: Address already in use (Bind failed)
	at java.net.PlainSocketImpl.socketBind(Native Method)
	at java.net.AbstractPlainSocketImpl.bind(AbstractPlainSocketImpl.java:387)
	at java.net.ServerSocket.bind(ServerSocket.java:375)
	at java.net.ServerSocket.<init>(ServerSocket.java:237)
	at java.net.ServerSocket.<init>(ServerSocket.java:181)
	at org.apache.tomcat.util.net.DefaultServerSocketFactory.createSocket(DefaultServerSocketFactory.java:49)
	at org.apache.tomcat.util.net.JIoEndpoint.bind(JIoEndpoint.java:400)
	... 17 more

Aug 18, 2017 4:56:46 AM org.apache.catalina.core.StandardService initInternal
SEVERE: Failed to initialize connector [Connector[HTTP/1.1-8080]]
org.apache.catalina.LifecycleException: Failed to initialize component [Connector[HTTP/1.1-8080]]
	at org.apache.catalina.util.LifecycleBase.init(LifecycleBase.java:106)
	at org.apache.catalina.core.StandardService.initInternal(StandardService.java:560)
	at org.apache.catalina.util.LifecycleBase.init(LifecycleBase.java:102)
	at org.apache.catalina.core.StandardServer.initInternal(StandardServer.java:838)
	at org.apache.catalina.util.LifecycleBase.init(LifecycleBase.java:102)
	at org.apache.catalina.startup.Catalina.load(Catalina.java:642)
	at org.apache.catalina.startup.Catalina.load(Catalina.java:667)
	at sun.reflect.NativeMethodAccessorImpl.invoke0(Native Method)
	at sun.reflect.NativeMethodAccessorImpl.invoke(NativeMethodAccessorImpl.java:62)
	at sun.reflect.DelegatingMethodAccessorImpl.invoke(DelegatingMethodAccessorImpl.java:43)
	at java.lang.reflect.Method.invoke(Method.java:498)
	at org.apache.catalina.startup.Bootstrap.load(Bootstrap.java:253)
	at org.apache.catalina.startup.Bootstrap.main(Bootstrap.java:427)
Caused by: org.apache.catalina.LifecycleException: Protocol handler initialization failed
	at org.apache.catalina.connector.Connector.initInternal(Connector.java:980)
	at org.apache.catalina.util.LifecycleBase.init(LifecycleBase.java:102)
	... 12 more
Caused by: java.net.BindException: Address already in use (Bind failed) <null>:8080
	at org.apache.tomcat.util.net.JIoEndpoint.bind(JIoEndpoint.java:413)
	at org.apache.tomcat.util.net.AbstractEndpoint.init(AbstractEndpoint.java:650)
	at org.apache.coyote.AbstractProtocol.init(AbstractProtocol.java:435)
	at org.apache.coyote.http11.AbstractHttp11JsseProtocol.init(AbstractHttp11JsseProtocol.java:119)
	at org.apache.catalina.connector.Connector.initInternal(Connector.java:978)
	... 13 more
Caused by: java.net.BindException: Address already in use (Bind failed)
	at java.net.PlainSocketImpl.socketBind(Native Method)
	at java.net.AbstractPlainSocketImpl.bind(AbstractPlainSocketImpl.java:387)
	at java.net.ServerSocket.bind(ServerSocket.java:375)
	at java.net.ServerSocket.<init>(ServerSocket.java:237)
	at java.net.ServerSocket.<init>(ServerSocket.java:181)
	at org.apache.tomcat.util.net.DefaultServerSocketFactory.createSocket(DefaultServerSocketFactory.java:49)
	at org.apache.tomcat.util.net.JIoEndpoint.bind(JIoEndpoint.java:400)
	... 17 more

Aug 18, 2017 4:56:46 AM org.apache.coyote.AbstractProtocol init
INFO: Initializing ProtocolHandler ["ajp-bio-8009"]
Aug 18, 2017 4:56:46 AM org.apache.coyote.AbstractProtocol init
SEVERE: Failed to initialize end point associated with ProtocolHandler ["ajp-bio-8009"]
java.net.BindException: Address already in use (Bind failed) <null>:8009
	at org.apache.tomcat.util.net.JIoEndpoint.bind(JIoEndpoint.java:413)
	at org.apache.tomcat.util.net.AbstractEndpoint.init(AbstractEndpoint.java:650)
	at org.apache.coyote.AbstractProtocol.init(AbstractProtocol.java:435)
	at org.apache.catalina.connector.Connector.initInternal(Connector.java:978)
	at org.apache.catalina.util.LifecycleBase.init(LifecycleBase.java:102)
	at org.apache.catalina.core.StandardService.initInternal(StandardService.java:560)
	at org.apache.catalina.util.LifecycleBase.init(LifecycleBase.java:102)
	at org.apache.catalina.core.StandardServer.initInternal(StandardServer.java:838)
	at org.apache.catalina.util.LifecycleBase.init(LifecycleBase.java:102)
	at org.apache.catalina.startup.Catalina.load(Catalina.java:642)
	at org.apache.catalina.startup.Catalina.load(Catalina.java:667)
	at sun.reflect.NativeMethodAccessorImpl.invoke0(Native Method)
	at sun.reflect.NativeMethodAccessorImpl.invoke(NativeMethodAccessorImpl.java:62)
	at sun.reflect.DelegatingMethodAccessorImpl.invoke(DelegatingMethodAccessorImpl.java:43)
	at java.lang.reflect.Method.invoke(Method.java:498)
	at org.apache.catalina.startup.Bootstrap.load(Bootstrap.java:253)
	at org.apache.catalina.startup.Bootstrap.main(Bootstrap.java:427)
Caused by: java.net.BindException: Address already in use (Bind failed)
	at java.net.PlainSocketImpl.socketBind(Native Method)
	at java.net.AbstractPlainSocketImpl.bind(AbstractPlainSocketImpl.java:387)
	at java.net.ServerSocket.bind(ServerSocket.java:375)
	at java.net.ServerSocket.<init>(ServerSocket.java:237)
	at java.net.ServerSocket.<init>(ServerSocket.java:181)
	at org.apache.tomcat.util.net.DefaultServerSocketFactory.createSocket(DefaultServerSocketFactory.java:49)
	at org.apache.tomcat.util.net.JIoEndpoint.bind(JIoEndpoint.java:400)
	... 16 more

Aug 18, 2017 4:56:46 AM org.apache.catalina.core.StandardService initInternal
SEVERE: Failed to initialize connector [Connector[AJP/1.3-8009]]
org.apache.catalina.LifecycleException: Failed to initialize component [Connector[AJP/1.3-8009]]
	at org.apache.catalina.util.LifecycleBase.init(LifecycleBase.java:106)
	at org.apache.catalina.core.StandardService.initInternal(StandardService.java:560)
	at org.apache.catalina.util.LifecycleBase.init(LifecycleBase.java:102)
	at org.apache.catalina.core.StandardServer.initInternal(StandardServer.java:838)
	at org.apache.catalina.util.LifecycleBase.init(LifecycleBase.java:102)
	at org.apache.catalina.startup.Catalina.load(Catalina.java:642)
	at org.apache.catalina.startup.Catalina.load(Catalina.java:667)
	at sun.reflect.NativeMethodAccessorImpl.invoke0(Native Method)
	at sun.reflect.NativeMethodAccessorImpl.invoke(NativeMethodAccessorImpl.java:62)
	at sun.reflect.DelegatingMethodAccessorImpl.invoke(DelegatingMethodAccessorImpl.java:43)
	at java.lang.reflect.Method.invoke(Method.java:498)
	at org.apache.catalina.startup.Bootstrap.load(Bootstrap.java:253)
	at org.apache.catalina.startup.Bootstrap.main(Bootstrap.java:427)
Caused by: org.apache.catalina.LifecycleException: Protocol handler initialization failed
	at org.apache.catalina.connector.Connector.initInternal(Connector.java:980)
	at org.apache.catalina.util.LifecycleBase.init(LifecycleBase.java:102)
	... 12 more
Caused by: java.net.BindException: Address already in use (Bind failed) <null>:8009
	at org.apache.tomcat.util.net.JIoEndpoint.bind(JIoEndpoint.java:413)
	at org.apache.tomcat.util.net.AbstractEndpoint.init(AbstractEndpoint.java:650)
	at org.apache.coyote.AbstractProtocol.init(AbstractProtocol.java:435)
	at org.apache.catalina.connector.Connector.initInternal(Connector.java:978)
	... 13 more
Caused by: java.net.BindException: Address already in use (Bind failed)
	at java.net.PlainSocketImpl.socketBind(Native Method)
	at java.net.AbstractPlainSocketImpl.bind(AbstractPlainSocketImpl.java:387)
	at java.net.ServerSocket.bind(ServerSocket.java:375)
	at java.net.ServerSocket.<init>(ServerSocket.java:237)
	at java.net.ServerSocket.<init>(ServerSocket.java:181)
	at org.apache.tomcat.util.net.DefaultServerSocketFactory.createSocket(DefaultServerSocketFactory.java:49)
	at org.apache.tomcat.util.net.JIoEndpoint.bind(JIoEndpoint.java:400)
	... 16 more

Aug 18, 2017 4:56:46 AM org.apache.catalina.startup.Catalina load
INFO: Initialization processed in 904 ms
Aug 18, 2017 4:56:46 AM org.apache.catalina.core.StandardService startInternal
INFO: Starting service Catalina
Aug 18, 2017 4:56:46 AM org.apache.catalina.core.StandardEngine startInternal
INFO: Starting Servlet Engine: Apache Tomcat/7.0.70
Aug 18, 2017 4:56:46 AM org.apache.catalina.startup.HostConfig deployDirectory
INFO: Deploying web application directory /opt/tomcat7/apache-tomcat-7.0.70/webapps/ROOT
Aug 18, 2017 4:56:47 AM org.apache.catalina.startup.HostConfig deployDirectory
INFO: Deployment of web application directory /opt/tomcat7/apache-tomcat-7.0.70/webapps/ROOT has finished in 430 ms
Aug 18, 2017 4:56:47 AM org.apache.catalina.startup.HostConfig deployDirectory
INFO: Deploying web application directory /opt/tomcat7/apache-tomcat-7.0.70/webapps/docs
Aug 18, 2017 4:56:47 AM org.apache.catalina.startup.HostConfig deployDirectory
INFO: Deployment of web application directory /opt/tomcat7/apache-tomcat-7.0.70/webapps/docs has finished in 87 ms
Aug 18, 2017 4:56:47 AM org.apache.catalina.startup.HostConfig deployDirectory
INFO: Deploying web application directory /opt/tomcat7/apache-tomcat-7.0.70/webapps/examples
Aug 18, 2017 4:56:47 AM org.apache.catalina.startup.HostConfig deployDirectory
INFO: Deployment of web application directory /opt/tomcat7/apache-tomcat-7.0.70/webapps/examples has finished in 255 ms
Aug 18, 2017 4:56:47 AM org.apache.catalina.startup.HostConfig deployDirectory
INFO: Deploying web application directory /opt/tomcat7/apache-tomcat-7.0.70/webapps/host-manager
Aug 18, 2017 4:56:47 AM org.apache.catalina.startup.HostConfig deployDirectory
INFO: Deployment of web application directory /opt/tomcat7/apache-tomcat-7.0.70/webapps/host-manager has finished in 54 ms
Aug 18, 2017 4:56:47 AM org.apache.catalina.startup.HostConfig deployDirectory
INFO: Deploying web application directory /opt/tomcat7/apache-tomcat-7.0.70/webapps/manager
Aug 18, 2017 4:56:47 AM org.apache.catalina.startup.HostConfig deployDirectory
INFO: Deployment of web application directory /opt/tomcat7/apache-tomcat-7.0.70/webapps/manager has finished in 53 ms
Aug 18, 2017 4:56:47 AM org.apache.catalina.startup.Catalina start
INFO: Server startup in 939 ms
Aug 18, 2017 4:56:47 AM org.apache.catalina.core.StandardServer await
SEVERE: StandardServer.await: create[localhost:8005]: 
java.net.BindException: Address already in use (Bind failed)
	at java.net.PlainSocketImpl.socketBind(Native Method)
	at java.net.AbstractPlainSocketImpl.bind(AbstractPlainSocketImpl.java:387)
	at java.net.ServerSocket.bind(ServerSocket.java:375)
	at java.net.ServerSocket.<init>(ServerSocket.java:237)
	at org.apache.catalina.core.StandardServer.await(StandardServer.java:444)
	at org.apache.catalina.startup.Catalina.await(Catalina.java:781)
	at org.apache.catalina.startup.Catalina.start(Catalina.java:727)
	at sun.reflect.NativeMethodAccessorImpl.invoke0(Native Method)
	at sun.reflect.NativeMethodAccessorImpl.invoke(NativeMethodAccessorImpl.java:62)
	at sun.reflect.DelegatingMethodAccessorImpl.invoke(DelegatingMethodAccessorImpl.java:43)
	at java.lang.reflect.Method.invoke(Method.java:498)
	at org.apache.catalina.startup.Bootstrap.start(Bootstrap.java:294)
	at org.apache.catalina.startup.Bootstrap.main(Bootstrap.java:428)

Aug 18, 2017 4:56:47 AM org.apache.coyote.AbstractProtocol pause
INFO: Pausing ProtocolHandler ["http-bio-8080"]
Aug 18, 2017 4:56:47 AM org.apache.coyote.AbstractProtocol pause
INFO: Pausing ProtocolHandler ["ajp-bio-8009"]
Aug 18, 2017 4:56:47 AM org.apache.catalina.core.StandardService stopInternal
INFO: Stopping service Catalina
Aug 18, 2017 4:56:47 AM org.apache.coyote.AbstractProtocol stop
INFO: Stopping ProtocolHandler ["http-bio-8080"]
Aug 18, 2017 4:56:47 AM org.apache.coyote.AbstractProtocol destroy
INFO: Destroying ProtocolHandler ["http-bio-8080"]
Aug 18, 2017 4:56:47 AM org.apache.coyote.AbstractProtocol stop
INFO: Stopping ProtocolHandler ["ajp-bio-8009"]
Aug 18, 2017 4:56:47 AM org.apache.coyote.AbstractProtocol destroy
INFO: Destroying ProtocolHandler ["ajp-bio-8009"]
Aug 18, 2017 4:57:58 AM org.apache.catalina.startup.VersionLoggerListener log
INFO: Server version:        Apache Tomcat/7.0.70
Aug 18, 2017 4:57:58 AM org.apache.catalina.startup.VersionLoggerListener log
INFO: Server built:          Jun 15 2016 16:27:45 UTC
Aug 18, 2017 4:57:58 AM org.apache.catalina.startup.VersionLoggerListener log
INFO: Server number:         7.0.70.0
Aug 18, 2017 4:57:58 AM org.apache.catalina.startup.VersionLoggerListener log
INFO: OS Name:               Linux
Aug 18, 2017 4:57:58 AM org.apache.catalina.startup.VersionLoggerListener log
INFO: OS Version:            3.10.0-514.21.1.el7.x86_64
Aug 18, 2017 4:57:58 AM org.apache.catalina.startup.VersionLoggerListener log
INFO: Architecture:          amd64
Aug 18, 2017 4:57:58 AM org.apache.catalina.startup.VersionLoggerListener log
INFO: Java Home:             /opt/weblogic12c/jdk1.8.0_131/jre
Aug 18, 2017 4:57:58 AM org.apache.catalina.startup.VersionLoggerListener log
INFO: JVM Version:           1.8.0_131-b11
Aug 18, 2017 4:57:58 AM org.apache.catalina.startup.VersionLoggerListener log
INFO: JVM Vendor:            Oracle Corporation
Aug 18, 2017 4:57:58 AM org.apache.catalina.startup.VersionLoggerListener log
INFO: CATALINA_BASE:         /opt/tomcat7/apache-tomcat-7.0.70
Aug 18, 2017 4:57:58 AM org.apache.catalina.startup.VersionLoggerListener log
INFO: CATALINA_HOME:         /opt/tomcat7/apache-tomcat-7.0.70
Aug 18, 2017 4:57:58 AM org.apache.catalina.startup.VersionLoggerListener log
INFO: Command line argument: -Djava.util.logging.config.file=/opt/tomcat7/apache-tomcat-7.0.70/conf/logging.properties
Aug 18, 2017 4:57:58 AM org.apache.catalina.startup.VersionLoggerListener log
INFO: Command line argument: -Djava.util.logging.manager=org.apache.juli.ClassLoaderLogManager
Aug 18, 2017 4:57:58 AM org.apache.catalina.startup.VersionLoggerListener log
INFO: Command line argument: -Djdk.tls.ephemeralDHKeySize=2048
Aug 18, 2017 4:57:58 AM org.apache.catalina.startup.VersionLoggerListener log
INFO: Command line argument: -Djava.endorsed.dirs=/opt/tomcat7/apache-tomcat-7.0.70/endorsed
Aug 18, 2017 4:57:58 AM org.apache.catalina.startup.VersionLoggerListener log
INFO: Command line argument: -Dcatalina.base=/opt/tomcat7/apache-tomcat-7.0.70
Aug 18, 2017 4:57:58 AM org.apache.catalina.startup.VersionLoggerListener log
INFO: Command line argument: -Dcatalina.home=/opt/tomcat7/apache-tomcat-7.0.70
Aug 18, 2017 4:57:58 AM org.apache.catalina.startup.VersionLoggerListener log
INFO: Command line argument: -Djava.io.tmpdir=/opt/tomcat7/apache-tomcat-7.0.70/temp
Aug 18, 2017 4:57:58 AM org.apache.catalina.core.AprLifecycleListener lifecycleEvent
INFO: The APR based Apache Tomcat Native library which allows optimal performance in production environments was not found on the java.library.path: /usr/java/packages/lib/amd64:/usr/lib64:/lib64:/lib:/usr/lib
Aug 18, 2017 4:57:58 AM org.apache.coyote.AbstractProtocol init
INFO: Initializing ProtocolHandler ["http-bio-8080"]
Aug 18, 2017 4:57:58 AM org.apache.coyote.AbstractProtocol init
INFO: Initializing ProtocolHandler ["ajp-bio-8009"]
Aug 18, 2017 4:57:58 AM org.apache.catalina.startup.Catalina load
INFO: Initialization processed in 845 ms
Aug 18, 2017 4:57:58 AM org.apache.catalina.core.StandardService startInternal
INFO: Starting service Catalina
Aug 18, 2017 4:57:58 AM org.apache.catalina.core.StandardEngine startInternal
INFO: Starting Servlet Engine: Apache Tomcat/7.0.70
Aug 18, 2017 4:57:58 AM org.apache.catalina.startup.HostConfig deployDirectory
INFO: Deploying web application directory /opt/tomcat7/apache-tomcat-7.0.70/webapps/ROOT
Aug 18, 2017 4:58:10 AM org.apache.catalina.util.SessionIdGeneratorBase createSecureRandom
INFO: Creation of SecureRandom instance for session ID generation using [SHA1PRNG] took [11,337] milliseconds.
Aug 18, 2017 4:58:10 AM org.apache.catalina.startup.HostConfig deployDirectory
INFO: Deployment of web application directory /opt/tomcat7/apache-tomcat-7.0.70/webapps/ROOT has finished in 11,744 ms
Aug 18, 2017 4:58:10 AM org.apache.catalina.startup.HostConfig deployDirectory
INFO: Deploying web application directory /opt/tomcat7/apache-tomcat-7.0.70/webapps/docs
Aug 18, 2017 4:58:10 AM org.apache.catalina.startup.HostConfig deployDirectory
INFO: Deployment of web application directory /opt/tomcat7/apache-tomcat-7.0.70/webapps/docs has finished in 186 ms
Aug 18, 2017 4:58:10 AM org.apache.catalina.startup.HostConfig deployDirectory
INFO: Deploying web application directory /opt/tomcat7/apache-tomcat-7.0.70/webapps/examples
Aug 18, 2017 4:58:10 AM org.apache.catalina.startup.HostConfig deployDirectory
INFO: Deployment of web application directory /opt/tomcat7/apache-tomcat-7.0.70/webapps/examples has finished in 410 ms
Aug 18, 2017 4:58:10 AM org.apache.catalina.startup.HostConfig deployDirectory
INFO: Deploying web application directory /opt/tomcat7/apache-tomcat-7.0.70/webapps/host-manager
Aug 18, 2017 4:58:10 AM org.apache.catalina.startup.HostConfig deployDirectory
INFO: Deployment of web application directory /opt/tomcat7/apache-tomcat-7.0.70/webapps/host-manager has finished in 44 ms
Aug 18, 2017 4:58:10 AM org.apache.catalina.startup.HostConfig deployDirectory
INFO: Deploying web application directory /opt/tomcat7/apache-tomcat-7.0.70/webapps/manager
Aug 18, 2017 4:58:10 AM org.apache.catalina.startup.HostConfig deployDirectory
INFO: Deployment of web application directory /opt/tomcat7/apache-tomcat-7.0.70/webapps/manager has finished in 40 ms
Aug 18, 2017 4:58:10 AM org.apache.coyote.AbstractProtocol start
INFO: Starting ProtocolHandler ["http-bio-8080"]
Aug 18, 2017 4:58:10 AM org.apache.coyote.AbstractProtocol start
INFO: Starting ProtocolHandler ["ajp-bio-8009"]
Aug 18, 2017 4:58:10 AM org.apache.catalina.startup.Catalina start
INFO: Server startup in 12500 ms
